2026-06-02 14:23:04.636 [restartedMain] INFO  o.e.i.a.afteraop.AopApplication - Starting AopApplication using Java 21.0.10 with PID 10000 (C:\Users\user\lion\workspace\iocexam\out\production\classes started by user in C:\Users\user\lion\workspace\iocexam)
2026-06-02 14:23:04.638 [restartedMain] DEBUG o.e.i.a.afteraop.AopApplication - Running with Spring Boot v3.5.14, Spring v6.2.18
2026-06-02 14:23:04.639 [restartedMain] INFO  o.e.i.a.afteraop.AopApplication - The following 1 profile is active: "prod"
2026-06-02 14:23:04.692 [restartedMain] INFO  o.s.b.d.e.DevToolsPropertyDefaultsPostProcessor - Devtools property defaults active! Set 'spring.devtools.add-properties' to 'false' to disable
2026-06-02 14:23:05.400 [restartedMain] INFO  o.s.b.d.a.OptionalLiveReloadServer - LiveReload server is running on port 35729
2026-06-02 14:23:05.413 [restartedMain] INFO  o.e.i.a.afteraop.AopApplication - Started AopApplication in 1.531 seconds (process running for 2.201)
2026-06-02 14:27:55.675 [restartedMain] INFO  o.e.i.a.afteraop.AopApplication - Starting AopApplication using Java 21.0.10 with PID 18604 (C:\Users\user\lion\workspace\iocexam\out\production\classes started by user in C:\Users\user\lion\workspace\iocexam)
2026-06-02 14:27:55.676 [restartedMain] DEBUG o.e.i.a.afteraop.AopApplication - Running with Spring Boot v3.5.14, Spring v6.2.18
2026-06-02 14:27:55.677 [restartedMain] INFO  o.e.i.a.afteraop.AopApplication - The following 1 profile is active: "prod"
2026-06-02 14:27:55.710 [restartedMain] INFO  o.s.b.d.e.DevToolsPropertyDefaultsPostProcessor - Devtools property defaults active! Set 'spring.devtools.add-properties' to 'false' to disable
2026-06-02 14:27:56.290 [restartedMain] INFO  o.s.b.d.a.OptionalLiveReloadServer - LiveReload server is running on port 35729
2026-06-02 14:27:56.304 [restartedMain] INFO  o.e.i.a.afteraop.AopApplication - Started AopApplication in 1.243 seconds (process running for 1.777)
2026-06-02 14:30:55.195 [restartedMain] INFO  o.e.i.a.afteraop.AopApplication - Starting AopApplication using Java 21.0.10 with PID 4828 (C:\Users\user\lion\workspace\iocexam\out\production\classes started by user in C:\Users\user\lion\workspace\iocexam)
2026-06-02 14:30:55.196 [restartedMain] DEBUG o.e.i.a.afteraop.AopApplication - Running with Spring Boot v3.5.14, Spring v6.2.18
2026-06-02 14:30:55.196 [restartedMain] INFO  o.e.i.a.afteraop.AopApplication - The following 1 profile is active: "prod"
2026-06-02 14:30:55.233 [restartedMain] INFO  o.s.b.d.e.DevToolsPropertyDefaultsPostProcessor - Devtools property defaults active! Set 'spring.devtools.add-properties' to 'false' to disable
2026-06-02 14:30:55.792 [restartedMain] INFO  o.s.b.d.a.OptionalLiveReloadServer - LiveReload server is running on port 35729
2026-06-02 14:30:55.811 [restartedMain] INFO  o.e.i.a.afteraop.AopApplication - Started AopApplication in 1.187 seconds (process running for 1.706)
2026-06-02 14:46:28.285 [restartedMain] INFO  o.e.i.a.afteraop.AopApplication - Starting AopApplication using Java 21.0.10 with PID 19544 (C:\Users\user\lion\workspace\iocexam\out\production\classes started by user in C:\Users\user\lion\workspace\iocexam)
2026-06-02 14:46:28.287 [restartedMain] DEBUG o.e.i.a.afteraop.AopApplication - Running with Spring Boot v3.5.14, Spring v6.2.18
2026-06-02 14:46:28.287 [restartedMain] INFO  o.e.i.a.afteraop.AopApplication - The following 1 profile is active: "prod"
2026-06-02 14:46:28.328 [restartedMain] INFO  o.s.b.d.e.DevToolsPropertyDefaultsPostProcessor - Devtools property defaults active! Set 'spring.devtools.add-properties' to 'false' to disable
2026-06-02 14:46:28.976 [restartedMain] INFO  o.s.b.d.a.OptionalLiveReloadServer - LiveReload server is running on port 35729
2026-06-02 14:46:28.998 [restartedMain] INFO  o.e.i.a.afteraop.AopApplication - Started AopApplication in 1.292 seconds (process running for 1.84)
2026-06-02 14:46:44.418 [restartedMain] INFO  o.e.i.a.afteraop.AopApplication - Starting AopApplication using Java 21.0.10 with PID 20388 (C:\Users\user\lion\workspace\iocexam\out\production\classes started by user in C:\Users\user\lion\workspace\iocexam)
2026-06-02 14:46:44.419 [restartedMain] DEBUG o.e.i.a.afteraop.AopApplication - Running with Spring Boot v3.5.14, Spring v6.2.18
2026-06-02 14:46:44.419 [restartedMain] INFO  o.e.i.a.afteraop.AopApplication - The following 1 profile is active: "prod"
2026-06-02 14:46:44.454 [restartedMain] INFO  o.s.b.d.e.DevToolsPropertyDefaultsPostProcessor - Devtools property defaults active! Set 'spring.devtools.add-properties' to 'false' to disable
2026-06-02 14:46:44.892 [restartedMain] INFO  o.s.b.d.a.OptionalLiveReloadServer - LiveReload server is running on port 35729
2026-06-02 14:46:44.908 [restartedMain] INFO  o.e.i.a.afteraop.AopApplication - Started AopApplication in 1.043 seconds (process running for 1.598)
2026-06-02 14:48:45.676 [restartedMain] INFO  o.e.i.a.afteraop.AopApplication - Starting AopApplication using Java 21.0.10 with PID 15356 (C:\Users\user\lion\workspace\iocexam\out\production\classes started by user in C:\Users\user\lion\workspace\iocexam)
2026-06-02 14:48:45.677 [restartedMain] DEBUG o.e.i.a.afteraop.AopApplication - Running with Spring Boot v3.5.14, Spring v6.2.18
2026-06-02 14:48:45.678 [restartedMain] INFO  o.e.i.a.afteraop.AopApplication - The following 1 profile is active: "prod"
2026-06-02 14:48:45.717 [restartedMain] INFO  o.s.b.d.e.DevToolsPropertyDefaultsPostProcessor - Devtools property defaults active! Set 'spring.devtools.add-properties' to 'false' to disable
2026-06-02 14:48:46.268 [restartedMain] INFO  o.s.b.d.a.OptionalLiveReloadServer - LiveReload server is running on port 35729
2026-06-02 14:48:46.279 [restartedMain] INFO  o.e.i.a.afteraop.AopApplication - Started AopApplication in 1.262 seconds (process running for 1.831)
2026-06-02 15:07:27.894 [restartedMain] INFO  o.e.i.a.afteraop.AopApplication - Starting AopApplication using Java 21.0.10 with PID 13852 (C:\Users\user\lion\workspace\iocexam\out\production\classes started by user in C:\Users\user\lion\workspace\iocexam)
2026-06-02 15:07:27.895 [restartedMain] DEBUG o.e.i.a.afteraop.AopApplication - Running with Spring Boot v3.5.14, Spring v6.2.18
2026-06-02 15:07:27.896 [restartedMain] INFO  o.e.i.a.afteraop.AopApplication - The following 1 profile is active: "prod"
2026-06-02 15:07:27.933 [restartedMain] INFO  o.s.b.d.e.DevToolsPropertyDefaultsPostProcessor - Devtools property defaults active! Set 'spring.devtools.add-properties' to 'false' to disable
2026-06-02 15:07:28.548 [restartedMain] INFO  o.s.b.d.a.OptionalLiveReloadServer - LiveReload server is running on port 35729
2026-06-02 15:07:28.568 [restartedMain] INFO  o.e.i.a.afteraop.AopApplication - Started AopApplication in 1.235 seconds (process running for 1.757)
2026-06-02 15:08:23.304 [restartedMain] INFO  o.e.i.a.afteraop.AopApplication - Starting AopApplication using Java 21.0.10 with PID 15136 (C:\Users\user\lion\workspace\iocexam\out\production\classes started by user in C:\Users\user\lion\workspace\iocexam)
2026-06-02 15:08:23.305 [restartedMain] DEBUG o.e.i.a.afteraop.AopApplication - Running with Spring Boot v3.5.14, Spring v6.2.18
2026-06-02 15:08:23.305 [restartedMain] INFO  o.e.i.a.afteraop.AopApplication - The following 1 profile is active: "prod"
2026-06-02 15:08:23.374 [restartedMain] INFO  o.s.b.d.e.DevToolsPropertyDefaultsPostProcessor - Devtools property defaults active! Set 'spring.devtools.add-properties' to 'false' to disable
2026-06-02 15:08:23.948 [restartedMain] INFO  o.s.b.d.a.OptionalLiveReloadServer - LiveReload server is running on port 35729
2026-06-02 15:08:23.962 [restartedMain] INFO  o.e.i.a.afteraop.AopApplication - Started AopApplication in 1.206 seconds (process running for 1.681)
2026-06-02 15:09:19.410 [restartedMain] INFO  o.e.i.a.afteraop.AopApplication - Starting AopApplication using Java 21.0.10 with PID 19340 (C:\Users\user\lion\workspace\iocexam\out\production\classes started by user in C:\Users\user\lion\workspace\iocexam)
2026-06-02 15:09:19.411 [restartedMain] DEBUG o.e.i.a.afteraop.AopApplication - Running with Spring Boot v3.5.14, Spring v6.2.18
2026-06-02 15:09:19.412 [restartedMain] INFO  o.e.i.a.afteraop.AopApplication - The following 1 profile is active: "prod"
2026-06-02 15:09:19.445 [restartedMain] INFO  o.s.b.d.e.DevToolsPropertyDefaultsPostProcessor - Devtools property defaults active! Set 'spring.devtools.add-properties' to 'false' to disable
2026-06-02 15:09:20.006 [restartedMain] INFO  o.s.b.d.a.OptionalLiveReloadServer - LiveReload server is running on port 35729
2026-06-02 15:09:20.018 [restartedMain] INFO  o.e.i.a.afteraop.AopApplication - Started AopApplication in 1.11 seconds (process running for 1.597)
2026-06-02 15:10:39.613 [restartedMain] INFO  o.e.i.a.afteraop.AopApplication - Starting AopApplication using Java 21.0.10 with PID 8968 (C:\Users\user\lion\workspace\iocexam\out\production\classes started by user in C:\Users\user\lion\workspace\iocexam)
2026-06-02 15:10:39.615 [restartedMain] DEBUG o.e.i.a.afteraop.AopApplication - Running with Spring Boot v3.5.14, Spring v6.2.18
2026-06-02 15:10:39.615 [restartedMain] INFO  o.e.i.a.afteraop.AopApplication - The following 1 profile is active: "prod"
2026-06-02 15:10:39.650 [restartedMain] INFO  o.s.b.d.e.DevToolsPropertyDefaultsPostProcessor - Devtools property defaults active! Set 'spring.devtools.add-properties' to 'false' to disable
2026-06-02 15:10:40.650 [restartedMain] INFO  o.s.b.d.a.OptionalLiveReloadServer - LiveReload server is running on port 35729
2026-06-02 15:10:40.672 [restartedMain] INFO  o.e.i.a.afteraop.AopApplication - Started AopApplication in 1.792 seconds (process running for 3.04)
2026-06-02 15:10:41.035 [restartedMain] INFO  o.e.i.a.afteraop.AopApplication - Starting AopApplication using Java 21.0.10 with PID 9948 (C:\Users\user\lion\workspace\iocexam\out\production\classes started by user in C:\Users\user\lion\workspace\iocexam)
2026-06-02 15:10:41.036 [restartedMain] DEBUG o.e.i.a.afteraop.AopApplication - Running with Spring Boot v3.5.14, Spring v6.2.18
2026-06-02 15:10:41.037 [restartedMain] INFO  o.e.i.a.afteraop.AopApplication - The following 1 profile is active: "prod"
2026-06-02 15:10:41.073 [restartedMain] INFO  o.s.b.d.e.DevToolsPropertyDefaultsPostProcessor - Devtools property defaults active! Set 'spring.devtools.add-properties' to 'false' to disable
2026-06-02 15:10:41.698 [restartedMain] INFO  o.s.b.d.a.OptionalLiveReloadServer - LiveReload server is running on port 35729
2026-06-02 15:10:41.711 [restartedMain] INFO  o.e.i.a.afteraop.AopApplication - Started AopApplication in 1.228 seconds (process running for 1.837)
2026-06-02 15:10:43.894 [restartedMain] INFO  o.e.i.a.afteraop.AopApplication - Starting AopApplication using Java 21.0.10 with PID 17376 (C:\Users\user\lion\workspace\iocexam\out\production\classes started by user in C:\Users\user\lion\workspace\iocexam)
2026-06-02 15:10:43.895 [restartedMain] DEBUG o.e.i.a.afteraop.AopApplication - Running with Spring Boot v3.5.14, Spring v6.2.18
2026-06-02 15:10:43.896 [restartedMain] INFO  o.e.i.a.afteraop.AopApplication - The following 1 profile is active: "prod"
2026-06-02 15:10:43.934 [restartedMain] INFO  o.s.b.d.e.DevToolsPropertyDefaultsPostProcessor - Devtools property defaults active! Set 'spring.devtools.add-properties' to 'false' to disable
2026-06-02 15:10:44.586 [restartedMain] INFO  o.s.b.d.a.OptionalLiveReloadServer - LiveReload server is running on port 35729
2026-06-02 15:10:44.598 [restartedMain] INFO  o.e.i.a.afteraop.AopApplication - Started AopApplication in 1.25 seconds (process running for 1.862)
2026-06-02 15:10:47.709 [restartedMain] INFO  o.e.i.a.afteraop.AopApplication - Starting AopApplication using Java 21.0.10 with PID 17704 (C:\Users\user\lion\workspace\iocexam\out\production\classes started by user in C:\Users\user\lion\workspace\iocexam)
2026-06-02 15:10:47.710 [restartedMain] DEBUG o.e.i.a.afteraop.AopApplication - Running with Spring Boot v3.5.14, Spring v6.2.18
2026-06-02 15:10:47.710 [restartedMain] INFO  o.e.i.a.afteraop.AopApplication - The following 1 profile is active: "prod"
2026-06-02 15:10:47.747 [restartedMain] INFO  o.s.b.d.e.DevToolsPropertyDefaultsPostProcessor - Devtools property defaults active! Set 'spring.devtools.add-properties' to 'false' to disable
2026-06-02 15:10:48.324 [restartedMain] INFO  o.s.b.d.a.OptionalLiveReloadServer - LiveReload server is running on port 35729
2026-06-02 15:10:48.336 [restartedMain] INFO  o.e.i.a.afteraop.AopApplication - Started AopApplication in 1.136 seconds (process running for 1.641)
2026-06-02 15:12:33.524 [restartedMain] INFO  o.e.i.a.afteraop.AopApplication - Starting AopApplication using Java 21.0.10 with PID 17216 (C:\Users\user\lion\workspace\iocexam\out\production\classes started by user in C:\Users\user\lion\workspace\iocexam)
2026-06-02 15:12:33.525 [restartedMain] DEBUG o.e.i.a.afteraop.AopApplication - Running with Spring Boot v3.5.14, Spring v6.2.18
2026-06-02 15:12:33.525 [restartedMain] INFO  o.e.i.a.afteraop.AopApplication - The following 1 profile is active: "prod"
2026-06-02 15:12:33.555 [restartedMain] INFO  o.s.b.d.e.DevToolsPropertyDefaultsPostProcessor - Devtools property defaults active! Set 'spring.devtools.add-properties' to 'false' to disable
2026-06-02 15:12:34.142 [restartedMain] INFO  o.s.b.d.a.OptionalLiveReloadServer - LiveReload server is running on port 35729
2026-06-02 15:12:34.156 [restartedMain] INFO  o.e.i.a.afteraop.AopApplication - Started AopApplication in 1.217 seconds (process running for 1.738)
2026-06-02 15:12:54.254 [restartedMain] INFO  o.e.i.a.afteraop.AopApplication - Starting AopApplication using Java 21.0.10 with PID 4208 (C:\Users\user\lion\workspace\iocexam\out\production\classes started by user in C:\Users\user\lion\workspace\iocexam)
2026-06-02 15:12:54.255 [restartedMain] DEBUG o.e.i.a.afteraop.AopApplication - Running with Spring Boot v3.5.14, Spring v6.2.18
2026-06-02 15:12:54.256 [restartedMain] INFO  o.e.i.a.afteraop.AopApplication - The following 1 profile is active: "prod"
2026-06-02 15:12:54.309 [restartedMain] INFO  o.s.b.d.e.DevToolsPropertyDefaultsPostProcessor - Devtools property defaults active! Set 'spring.devtools.add-properties' to 'false' to disable
2026-06-02 15:12:55.364 [restartedMain] INFO  o.s.b.d.a.OptionalLiveReloadServer - LiveReload server is running on port 35729
2026-06-02 15:12:55.388 [restartedMain] INFO  o.e.i.a.afteraop.AopApplication - Started AopApplication in 1.837 seconds (process running for 2.565)
2026-06-02 15:12:55.813 [restartedMain] INFO  o.e.i.a.afteraop.AopApplication - Starting AopApplication using Java 21.0.10 with PID 6608 (C:\Users\user\lion\workspace\iocexam\out\production\classes started by user in C:\Users\user\lion\workspace\iocexam)
2026-06-02 15:12:55.814 [restartedMain] DEBUG o.e.i.a.afteraop.AopApplication - Running with Spring Boot v3.5.14, Spring v6.2.18
2026-06-02 15:12:55.814 [restartedMain] INFO  o.e.i.a.afteraop.AopApplication - The following 1 profile is active: "prod"
2026-06-02 15:12:55.846 [restartedMain] INFO  o.s.b.d.e.DevToolsPropertyDefaultsPostProcessor - Devtools property defaults active! Set 'spring.devtools.add-properties' to 'false' to disable
2026-06-02 15:12:56.464 [restartedMain] INFO  o.s.b.d.a.OptionalLiveReloadServer - LiveReload server is running on port 35729
2026-06-02 15:12:56.477 [restartedMain] INFO  o.e.i.a.afteraop.AopApplication - Started AopApplication in 1.245 seconds (process running for 1.881)
2026-06-02 15:12:59.361 [restartedMain] INFO  o.e.i.a.afteraop.AopApplication - Starting AopApplication using Java 21.0.10 with PID 2656 (C:\Users\user\lion\workspace\iocexam\out\production\classes started by user in C:\Users\user\lion\workspace\iocexam)
2026-06-02 15:12:59.363 [restartedMain] DEBUG o.e.i.a.afteraop.AopApplication - Running with Spring Boot v3.5.14, Spring v6.2.18
2026-06-02 15:12:59.363 [restartedMain] INFO  o.e.i.a.afteraop.AopApplication - The following 1 profile is active: "prod"
2026-06-02 15:12:59.400 [restartedMain] INFO  o.s.b.d.e.DevToolsPropertyDefaultsPostProcessor - Devtools property defaults active! Set 'spring.devtools.add-properties' to 'false' to disable
2026-06-02 15:12:59.985 [restartedMain] INFO  o.s.b.d.a.OptionalLiveReloadServer - LiveReload server is running on port 35729
2026-06-02 15:12:59.998 [restartedMain] INFO  o.e.i.a.afteraop.AopApplication - Started AopApplication in 1.163 seconds (process running for 1.69)
2026-06-02 15:19:48.998 [restartedMain] INFO  o.e.i.a.afteraop.AopApplication - Starting AopApplication using Java 21.0.10 with PID 6276 (C:\Users\user\lion\workspace\iocexam\out\production\classes started by user in C:\Users\user\lion\workspace\iocexam)
2026-06-02 15:19:48.998 [restartedMain] DEBUG o.e.i.a.afteraop.AopApplication - Running with Spring Boot v3.5.14, Spring v6.2.18
2026-06-02 15:19:49.000 [restartedMain] INFO  o.e.i.a.afteraop.AopApplication - The following 1 profile is active: "prod"
2026-06-02 15:19:49.039 [restartedMain] INFO  o.s.b.d.e.DevToolsPropertyDefaultsPostProcessor - Devtools property defaults active! Set 'spring.devtools.add-properties' to 'false' to disable
2026-06-02 15:19:49.714 [restartedMain] INFO  o.s.b.d.a.OptionalLiveReloadServer - LiveReload server is running on port 35729
2026-06-02 15:19:49.729 [restartedMain] INFO  o.e.i.a.afteraop.AopApplication - Started AopApplication in 1.399 seconds (process running for 1.877)
2026-06-02 15:20:54.607 [restartedMain] INFO  o.e.i.a.afteraop.AopApplication - Starting AopApplication using Java 21.0.10 with PID 17244 (C:\Users\user\lion\workspace\iocexam\out\production\classes started by user in C:\Users\user\lion\workspace\iocexam)
2026-06-02 15:20:54.608 [restartedMain] DEBUG o.e.i.a.afteraop.AopApplication - Running with Spring Boot v3.5.14, Spring v6.2.18
2026-06-02 15:20:54.609 [restartedMain] INFO  o.e.i.a.afteraop.AopApplication - The following 1 profile is active: "prod"
2026-06-02 15:20:54.645 [restartedMain] INFO  o.s.b.d.e.DevToolsPropertyDefaultsPostProcessor - Devtools property defaults active! Set 'spring.devtools.add-properties' to 'false' to disable
2026-06-02 15:20:55.274 [restartedMain] INFO  o.s.b.d.a.OptionalLiveReloadServer - LiveReload server is running on port 35729
2026-06-02 15:20:55.286 [restartedMain] INFO  o.e.i.a.afteraop.AopApplication - Started AopApplication in 1.229 seconds (process running for 1.722)
2026-06-02 15:21:43.770 [restartedMain] INFO  o.e.i.a.afteraop.AopApplication - Starting AopApplication using Java 21.0.10 with PID 19416 (C:\Users\user\lion\workspace\iocexam\out\production\classes started by user in C:\Users\user\lion\workspace\iocexam)
2026-06-02 15:21:43.771 [restartedMain] DEBUG o.e.i.a.afteraop.AopApplication - Running with Spring Boot v3.5.14, Spring v6.2.18
2026-06-02 15:21:43.771 [restartedMain] INFO  o.e.i.a.afteraop.AopApplication - The following 1 profile is active: "prod"
2026-06-02 15:21:43.805 [restartedMain] INFO  o.s.b.d.e.DevToolsPropertyDefaultsPostProcessor - Devtools property defaults active! Set 'spring.devtools.add-properties' to 'false' to disable
2026-06-02 15:21:44.399 [restartedMain] INFO  o.s.b.d.a.OptionalLiveReloadServer - LiveReload server is running on port 35729
2026-06-02 15:21:44.411 [restartedMain] INFO  o.e.i.a.afteraop.AopApplication - Started AopApplication in 1.17 seconds (process running for 1.761)
2026-06-02 15:24:00.509 [restartedMain] INFO  o.e.i.a.afteraop.AopApplication - Starting AopApplication using Java 21.0.10 with PID 17940 (C:\Users\user\lion\workspace\iocexam\out\production\classes started by user in C:\Users\user\lion\workspace\iocexam)
2026-06-02 15:24:00.510 [restartedMain] DEBUG o.e.i.a.afteraop.AopApplication - Running with Spring Boot v3.5.14, Spring v6.2.18
2026-06-02 15:24:00.511 [restartedMain] INFO  o.e.i.a.afteraop.AopApplication - The following 1 profile is active: "prod"
2026-06-02 15:24:00.545 [restartedMain] INFO  o.s.b.d.e.DevToolsPropertyDefaultsPostProcessor - Devtools property defaults active! Set 'spring.devtools.add-properties' to 'false' to disable
2026-06-02 15:24:01.179 [restartedMain] INFO  o.s.b.d.a.OptionalLiveReloadServer - LiveReload server is running on port 35729
2026-06-02 15:24:01.192 [restartedMain] INFO  o.e.i.a.afteraop.AopApplication - Started AopApplication in 1.219 seconds (process running for 1.762)
2026-06-02 15:31:26.740 [restartedMain] INFO  o.e.i.a.afteraop.AopApplication - Starting AopApplication using Java 21.0.10 with PID 11956 (C:\Users\user\lion\workspace\iocexam\out\production\classes started by user in C:\Users\user\lion\workspace\iocexam)
2026-06-02 15:31:26.741 [restartedMain] DEBUG o.e.i.a.afteraop.AopApplication - Running with Spring Boot v3.5.14, Spring v6.2.18
2026-06-02 15:31:26.741 [restartedMain] INFO  o.e.i.a.afteraop.AopApplication - The following 1 profile is active: "prod"
2026-06-02 15:31:26.781 [restartedMain] INFO  o.s.b.d.e.DevToolsPropertyDefaultsPostProcessor - Devtools property defaults active! Set 'spring.devtools.add-properties' to 'false' to disable
2026-06-02 15:31:27.453 [restartedMain] INFO  o.s.b.d.a.OptionalLiveReloadServer - LiveReload server is running on port 35729
2026-06-02 15:31:27.466 [restartedMain] INFO  o.e.i.a.afteraop.AopApplication - Started AopApplication in 1.367 seconds (process running for 1.898)
2026-06-02 15:34:46.071 [restartedMain] INFO  o.e.i.a.afteraop.AopApplication - Starting AopApplication using Java 21.0.10 with PID 20244 (C:\Users\user\lion\workspace\iocexam\out\production\classes started by user in C:\Users\user\lion\workspace\iocexam)
2026-06-02 15:34:46.072 [restartedMain] DEBUG o.e.i.a.afteraop.AopApplication - Running with Spring Boot v3.5.14, Spring v6.2.18
2026-06-02 15:34:46.073 [restartedMain] INFO  o.e.i.a.afteraop.AopApplication - The following 1 profile is active: "prod"
2026-06-02 15:34:46.106 [restartedMain] INFO  o.s.b.d.e.DevToolsPropertyDefaultsPostProcessor - Devtools property defaults active! Set 'spring.devtools.add-properties' to 'false' to disable
2026-06-02 15:34:46.715 [restartedMain] INFO  o.s.b.d.a.OptionalLiveReloadServer - LiveReload server is running on port 35729
2026-06-02 15:34:46.728 [restartedMain] INFO  o.e.i.a.afteraop.AopApplication - Started AopApplication in 1.291 seconds (process running for 1.822)
2026-06-02 15:34:46.735 [restartedMain] INFO  o.s.b.a.l.ConditionEvaluationReportLogger - 

Error starting ApplicationContext. To display the condition evaluation report re-run your application with 'debug' enabled.
2026-06-02 15:34:46.762 [restartedMain] ERROR o.s.boot.SpringApplication - Application run failed
java.lang.RuntimeException
	at org.example.iocexam.aopexam.afteraop.SimpleService.dosomething2(SimpleService.java:15)
	at java.base/jdk.internal.reflect.DirectMethodHandleAccessor.invoke(DirectMethodHandleAccessor.java:103)
	at java.base/java.lang.reflect.Method.invoke(Method.java:580)
	at org.springframework.aop.support.AopUtils.invokeJoinpointUsingReflection(AopUtils.java:360)
	at org.springframework.aop.framework.ReflectiveMethodInvocation.invokeJoinpoint(ReflectiveMethodInvocation.java:196)
	at org.springframework.aop.framework.ReflectiveMethodInvocation.proceed(ReflectiveMethodInvocation.java:163)
	at org.springframework.aop.aspectj.AspectJAfterThrowingAdvice.invoke(AspectJAfterThrowingAdvice.java:64)
	at org.springframework.aop.framework.ReflectiveMethodInvocation.proceed(ReflectiveMethodInvocation.java:184)
	at org.springframework.aop.framework.adapter.AfterReturningAdviceInterceptor.invoke(AfterReturningAdviceInterceptor.java:57)
	at org.springframework.aop.framework.ReflectiveMethodInvocation.proceed(ReflectiveMethodInvocation.java:184)
	at org.springframework.aop.framework.adapter.MethodBeforeAdviceInterceptor.invoke(MethodBeforeAdviceInterceptor.java:58)
	at org.springframework.aop.framework.ReflectiveMethodInvocation.proceed(ReflectiveMethodInvocation.java:184)
	at org.springframework.aop.framework.adapter.MethodBeforeAdviceInterceptor.invoke(MethodBeforeAdviceInterceptor.java:58)
	at org.springframework.aop.framework.ReflectiveMethodInvocation.proceed(ReflectiveMethodInvocation.java:184)
	at org.springframework.aop.interceptor.ExposeInvocationInterceptor.invoke(ExposeInvocationInterceptor.java:97)
	at org.springframework.aop.framework.ReflectiveMethodInvocation.proceed(ReflectiveMethodInvocation.java:184)
	at org.springframework.aop.framework.CglibAopProxy$DynamicAdvisedInterceptor.intercept(CglibAopProxy.java:728)
	at org.example.iocexam.aopexam.afteraop.SimpleService$$SpringCGLIB$$0.dosomething2(<generated>)
	at org.example.iocexam.aopexam.afteraop.AopApplication.lambda$run$0(AopApplication.java:31)
	at org.springframework.boot.SpringApplication.lambda$callRunner$5(SpringApplication.java:788)
	at org.springframework.util.function.ThrowingConsumer$1.acceptWithException(ThrowingConsumer.java:82)
	at org.springframework.util.function.ThrowingConsumer.accept(ThrowingConsumer.java:60)
	at org.springframework.util.function.ThrowingConsumer$1.accept(ThrowingConsumer.java:86)
	at org.springframework.boot.SpringApplication.callRunner(SpringApplication.java:796)
	at org.springframework.boot.SpringApplication.callRunner(SpringApplication.java:787)
	at org.springframework.boot.SpringApplication.lambda$callRunners$3(SpringApplication.java:772)
	at java.base/java.util.stream.ForEachOps$ForEachOp$OfRef.accept(ForEachOps.java:184)
	at java.base/java.util.stream.SortedOps$SizedRefSortingSink.end(SortedOps.java:357)
	at java.base/java.util.stream.AbstractPipeline.copyInto(AbstractPipeline.java:510)
	at java.base/java.util.stream.AbstractPipeline.wrapAndCopyInto(AbstractPipeline.java:499)
	at java.base/java.util.stream.ForEachOps$ForEachOp.evaluateSequential(ForEachOps.java:151)
	at java.base/java.util.stream.ForEachOps$ForEachOp$OfRef.evaluateSequential(ForEachOps.java:174)
	at java.base/java.util.stream.AbstractPipeline.evaluate(AbstractPipeline.java:234)
	at java.base/java.util.stream.ReferencePipeline.forEach(ReferencePipeline.java:596)
	at org.springframework.boot.SpringApplication.callRunners(SpringApplication.java:772)
	at org.springframework.boot.SpringApplication.run(SpringApplication.java:325)
	at org.springframework.boot.SpringApplication.run(SpringApplication.java:1361)
	at org.springframework.boot.SpringApplication.run(SpringApplication.java:1350)
	at org.example.iocexam.aopexam.afteraop.AopApplication.main(AopApplication.java:12)
	at java.base/jdk.internal.reflect.DirectMethodHandleAccessor.invoke(DirectMethodHandleAccessor.java:103)
	at java.base/java.lang.reflect.Method.invoke(Method.java:580)
	at org.springframework.boot.devtools.restart.RestartLauncher.run(RestartLauncher.java:50)
2026-06-02 15:37:09.637 [restartedMain] INFO  o.e.i.a.afteraop.AopApplication - Starting AopApplication using Java 21.0.10 with PID 6196 (C:\Users\user\lion\workspace\iocexam\out\production\classes started by user in C:\Users\user\lion\workspace\iocexam)
2026-06-02 15:37:09.638 [restartedMain] DEBUG o.e.i.a.afteraop.AopApplication - Running with Spring Boot v3.5.14, Spring v6.2.18
2026-06-02 15:37:09.639 [restartedMain] INFO  o.e.i.a.afteraop.AopApplication - The following 1 profile is active: "prod"
2026-06-02 15:37:09.669 [restartedMain] INFO  o.s.b.d.e.DevToolsPropertyDefaultsPostProcessor - Devtools property defaults active! Set 'spring.devtools.add-properties' to 'false' to disable
2026-06-02 15:37:10.270 [restartedMain] INFO  o.s.b.d.a.OptionalLiveReloadServer - LiveReload server is running on port 35729
2026-06-02 15:37:10.285 [restartedMain] INFO  o.e.i.a.afteraop.AopApplication - Started AopApplication in 1.225 seconds (process running for 1.758)
2026-06-02 15:37:36.489 [restartedMain] INFO  o.e.i.a.afteraop.AopApplication - Starting AopApplication using Java 21.0.10 with PID 4984 (C:\Users\user\lion\workspace\iocexam\out\production\classes started by user in C:\Users\user\lion\workspace\iocexam)
2026-06-02 15:37:36.490 [restartedMain] DEBUG o.e.i.a.afteraop.AopApplication - Running with Spring Boot v3.5.14, Spring v6.2.18
2026-06-02 15:37:36.490 [restartedMain] INFO  o.e.i.a.afteraop.AopApplication - The following 1 profile is active: "prod"
2026-06-02 15:37:36.526 [restartedMain] INFO  o.s.b.d.e.DevToolsPropertyDefaultsPostProcessor - Devtools property defaults active! Set 'spring.devtools.add-properties' to 'false' to disable
2026-06-02 15:37:37.135 [restartedMain] INFO  o.s.b.d.a.OptionalLiveReloadServer - LiveReload server is running on port 35729
2026-06-02 15:37:37.150 [restartedMain] INFO  o.e.i.a.afteraop.AopApplication - Started AopApplication in 1.233 seconds (process running for 1.875)
2026-06-02 15:46:42.619 [restartedMain] INFO  o.e.i.a.afteraop.AopApplication - Starting AopApplication using Java 21.0.10 with PID 14768 (C:\Users\user\lion\workspace\iocexam\out\production\classes started by user in C:\Users\user\lion\workspace\iocexam)
2026-06-02 15:46:42.620 [restartedMain] DEBUG o.e.i.a.afteraop.AopApplication - Running with Spring Boot v3.5.14, Spring v6.2.18
2026-06-02 15:46:42.620 [restartedMain] INFO  o.e.i.a.afteraop.AopApplication - The following 1 profile is active: "prod"
2026-06-02 15:46:42.658 [restartedMain] INFO  o.s.b.d.e.DevToolsPropertyDefaultsPostProcessor - Devtools property defaults active! Set 'spring.devtools.add-properties' to 'false' to disable
2026-06-02 15:46:43.276 [restartedMain] INFO  o.s.b.d.a.OptionalLiveReloadServer - LiveReload server is running on port 35729
2026-06-02 15:46:43.289 [restartedMain] INFO  o.e.i.a.afteraop.AopApplication - Started AopApplication in 1.239 seconds (process running for 1.799)
2026-06-02 15:50:17.174 [restartedMain] INFO  o.e.i.a.afteraop.AopApplication - Starting AopApplication using Java 21.0.10 with PID 17236 (C:\Users\user\lion\workspace\iocexam\out\production\classes started by user in C:\Users\user\lion\workspace\iocexam)
2026-06-02 15:50:17.175 [restartedMain] DEBUG o.e.i.a.afteraop.AopApplication - Running with Spring Boot v3.5.14, Spring v6.2.18
2026-06-02 15:50:17.175 [restartedMain] INFO  o.e.i.a.afteraop.AopApplication - The following 1 profile is active: "prod"
2026-06-02 15:50:17.206 [restartedMain] INFO  o.s.b.d.e.DevToolsPropertyDefaultsPostProcessor - Devtools property defaults active! Set 'spring.devtools.add-properties' to 'false' to disable
2026-06-02 15:50:17.832 [restartedMain] INFO  o.s.b.d.a.OptionalLiveReloadServer - LiveReload server is running on port 35729
2026-06-02 15:50:17.844 [restartedMain] INFO  o.e.i.a.afteraop.AopApplication - Started AopApplication in 1.224 seconds (process running for 1.825)
2026-06-02 15:51:50.851 [restartedMain] INFO  o.e.i.a.afteraop.AopApplication - Starting AopApplication using Java 21.0.10 with PID 19440 (C:\Users\user\lion\workspace\iocexam\out\production\classes started by user in C:\Users\user\lion\workspace\iocexam)
2026-06-02 15:51:50.852 [restartedMain] DEBUG o.e.i.a.afteraop.AopApplication - Running with Spring Boot v3.5.14, Spring v6.2.18
2026-06-02 15:51:50.852 [restartedMain] INFO  o.e.i.a.afteraop.AopApplication - The following 1 profile is active: "prod"
2026-06-02 15:51:50.887 [restartedMain] INFO  o.s.b.d.e.DevToolsPropertyDefaultsPostProcessor - Devtools property defaults active! Set 'spring.devtools.add-properties' to 'false' to disable
2026-06-02 15:51:51.508 [restartedMain] INFO  o.s.b.d.a.OptionalLiveReloadServer - LiveReload server is running on port 35729
2026-06-02 15:51:51.521 [restartedMain] INFO  o.e.i.a.afteraop.AopApplication - Started AopApplication in 1.187 seconds (process running for 1.66)
2026-06-02 15:52:27.286 [restartedMain] INFO  o.e.i.a.afteraop.AopApplication - Starting AopApplication using Java 21.0.10 with PID 19392 (C:\Users\user\lion\workspace\iocexam\out\production\classes started by user in C:\Users\user\lion\workspace\iocexam)
2026-06-02 15:52:27.287 [restartedMain] DEBUG o.e.i.a.afteraop.AopApplication - Running with Spring Boot v3.5.14, Spring v6.2.18
2026-06-02 15:52:27.287 [restartedMain] INFO  o.e.i.a.afteraop.AopApplication - The following 1 profile is active: "prod"
2026-06-02 15:52:27.318 [restartedMain] INFO  o.s.b.d.e.DevToolsPropertyDefaultsPostProcessor - Devtools property defaults active! Set 'spring.devtools.add-properties' to 'false' to disable
2026-06-02 15:52:28.008 [restartedMain] INFO  o.s.b.d.a.OptionalLiveReloadServer - LiveReload server is running on port 35729
2026-06-02 15:52:28.019 [restartedMain] INFO  o.e.i.a.afteraop.AopApplication - Started AopApplication in 1.286 seconds (process running for 1.899)
2026-06-02 18:23:58.442 [restartedMain] INFO  o.e.i.a.afteraop.AopApplication - Starting AopApplication using Java 21.0.10 with PID 17980 (C:\Users\user\lion\workspace\iocexam\out\production\classes started by user in C:\Users\user\lion\workspace\iocexam)
2026-06-02 18:23:58.442 [restartedMain] DEBUG o.e.i.a.afteraop.AopApplication - Running with Spring Boot v3.5.14, Spring v6.2.18
2026-06-02 18:23:58.443 [restartedMain] INFO  o.e.i.a.afteraop.AopApplication - The following 1 profile is active: "prod"
2026-06-02 18:23:58.475 [restartedMain] INFO  o.s.b.d.e.DevToolsPropertyDefaultsPostProcessor - Devtools property defaults active! Set 'spring.devtools.add-properties' to 'false' to disable
2026-06-02 18:23:59.078 [restartedMain] INFO  o.s.b.d.a.OptionalLiveReloadServer - LiveReload server is running on port 35729
2026-06-02 18:23:59.090 [restartedMain] INFO  o.e.i.a.afteraop.AopApplication - Started AopApplication in 1.163 seconds (process running for 1.654)
